2022-01-14 17:26:10,599 [restartedMain] WARN  o.springframework.boot.StartupInfoLogger           - InetAddress.getLocalHost().getHostName() took 5001 milliseconds to respond. Please verify your network configuration (macOS machines may need to add entries to /etc/hosts).
2022-01-14 17:26:15,614 [restartedMain] INFO  c.s.SpringBootSecondMiniProjectApplication         - Starting SpringBootSecondMiniProjectApplication using Java 1.8.0_271 on Sreshs-MacBook-Air.local with PID 39168 (/Users/sresh/eclipse-workspace/SpringBoot-Second-MiniProject-UnlockAccount/target/classes started by sresh in /Users/sresh/eclipse-workspace/SpringBoot-Second-MiniProject-UnlockAccount)
2022-01-14 17:26:15,616 [restartedMain] INFO  c.s.SpringBootSecondMiniProjectApplication         - No active profile set, falling back to default profiles: default
2022-01-14 17:26:15,669 [restartedMain] INFO  o.s.b.d.e.DevToolsPropertyDefaultsPostProcessor    - Devtools property defaults active! Set 'spring.devtools.add-properties' to 'false' to disable
2022-01-14 17:26:15,670 [restartedMain] INFO  o.s.b.d.e.DevToolsPropertyDefaultsPostProcessor    - For additional web related logging consider setting the 'logging.level.web' property to 'DEBUG'
2022-01-14 17:26:16,529 [restartedMain] INFO  o.s.d.r.c.RepositoryConfigurationDelegate          - Bootstrapping Spring Data JPA repositories in DEFAULT mode.
2022-01-14 17:26:16,590 [restartedMain] INFO  o.s.d.r.c.RepositoryConfigurationDelegate          - Finished Spring Data repository scanning in 51 ms. Found 1 JPA repository interfaces.
2022-01-14 17:26:17,304 [restartedMain] INFO  o.s.b.w.embedded.tomcat.TomcatWebServer            - Tomcat initialized with port(s): 9091 (http)
2022-01-14 17:26:17,315 [restartedMain] INFO  o.apache.coyote.http11.Http11NioProtocol           - Initializing ProtocolHandler ["http-nio-9091"]
2022-01-14 17:26:17,316 [restartedMain] INFO  org.apache.catalina.core.StandardService           - Starting service [Tomcat]
2022-01-14 17:26:17,316 [restartedMain] INFO  org.apache.catalina.core.StandardEngine            - Starting Servlet engine: [Apache Tomcat/9.0.48]
2022-01-14 17:26:17,400 [restartedMain] INFO  o.a.c.c.C.[Tomcat].[localhost].[/]                 - Initializing Spring embedded WebApplicationContext
2022-01-14 17:26:17,400 [restartedMain] INFO  o.s.b.w.s.c.ServletWebServerApplicationContext     - Root WebApplicationContext: initialization completed in 1729 ms
2022-01-14 17:26:17,738 [restartedMain] INFO  o.hibernate.jpa.internal.util.LogHelper            - HHH000204: Processing PersistenceUnitInfo [name: default]
2022-01-14 17:26:17,806 [restartedMain] INFO  org.hibernate.Version                              - HHH000412: Hibernate ORM core version 5.4.32.Final
2022-01-14 17:26:18,018 [restartedMain] INFO  org.hibernate.annotations.common.Version           - HCANN000001: Hibernate Commons Annotations {5.1.2.Final}
2022-01-14 17:26:18,182 [restartedMain] INFO  com.zaxxer.hikari.HikariDataSource                 - HikariPool-1 - Starting...
2022-01-14 17:26:18,787 [restartedMain] INFO  com.zaxxer.hikari.HikariDataSource                 - HikariPool-1 - Start completed.
2022-01-14 17:26:18,820 [restartedMain] INFO  org.hibernate.dialect.Dialect                      - HHH000400: Using dialect: org.hibernate.dialect.MySQL8Dialect
2022-01-14 17:26:19,521 [restartedMain] INFO  o.h.e.t.j.p.i.JtaPlatformInitiator                 - HHH000490: Using JtaPlatform implementation: [org.hibernate.engine.transaction.jta.platform.internal.NoJtaPlatform]
2022-01-14 17:26:19,532 [restartedMain] INFO  o.s.o.j.LocalContainerEntityManagerFactoryBean     - Initialized JPA EntityManagerFactory for persistence unit 'default'
2022-01-14 17:26:20,368 [restartedMain] WARN  o.s.b.a.o.j.JpaBaseConfiguration$JpaWebConfiguration - spring.jpa.open-in-view is enabled by default. Therefore, database queries may be performed during view rendering. Explicitly configure spring.jpa.open-in-view to disable this warning
2022-01-14 17:26:20,542 [restartedMain] INFO  s.d.s.w.PropertySourcedRequestMappingHandlerMapping - Mapped URL path [/v2/api-docs] onto method [springfox.documentation.swagger2.web.Swagger2Controller#getDocumentation(String, HttpServletRequest)]
2022-01-14 17:26:20,689 [restartedMain] WARN  o.s.b.d.a.OptionalLiveReloadServer                 - Unable to start LiveReload server
2022-01-14 17:26:20,871 [restartedMain] INFO  o.apache.coyote.http11.Http11NioProtocol           - Starting ProtocolHandler ["http-nio-9091"]
2022-01-14 17:26:20,891 [restartedMain] INFO  o.s.b.w.embedded.tomcat.TomcatWebServer            - Tomcat started on port(s): 9091 (http) with context path ''
2022-01-14 17:26:20,892 [restartedMain] INFO  s.d.s.w.p.DocumentationPluginsBootstrapper         - Context refreshed
2022-01-14 17:26:20,915 [restartedMain] INFO  s.d.s.w.p.DocumentationPluginsBootstrapper         - Found 1 custom documentation plugin(s)
2022-01-14 17:26:20,948 [restartedMain] INFO  s.d.s.w.s.ApiListingReferenceScanner               - Scanning for api listing references
2022-01-14 17:26:21,090 [restartedMain] INFO  c.s.SpringBootSecondMiniProjectApplication         - Started SpringBootSecondMiniProjectApplication in 26.033 seconds (JVM running for 31.947)
2022-01-14 17:26:59,527 [RMI TCP Connection(2)-127.0.0.1] INFO  o.s.b.a.SpringApplicationAdminMXBeanRegistrar$SpringApplicationAdmin - Application shutdown requested.
2022-01-14 17:26:59,570 [RMI TCP Connection(2)-127.0.0.1] INFO  o.s.o.j.LocalContainerEntityManagerFactoryBean     - Closing JPA EntityManagerFactory for persistence unit 'default'
2022-01-14 17:26:59,577 [RMI TCP Connection(2)-127.0.0.1] INFO  com.zaxxer.hikari.HikariDataSource                 - HikariPool-1 - Shutdown initiated...
2022-01-14 17:26:59,592 [RMI TCP Connection(2)-127.0.0.1] INFO  com.zaxxer.hikari.HikariDataSource                 - HikariPool-1 - Shutdown completed.
